<?xml version="1.0" encoding="UTF-8"?>
<!-- Generated by org.testng.reporters.JUnitReportReporter -->
<testsuite hostname="RASH" failures="0" tests="1" name="com.omayo.blogspot.test.RandomAction" time="10.362" errors="0" timestamp="2023-04-14T09:27:06 IST" skipped="0">
  <testcase classname="com.omayo.blogspot.test.RandomAction" name="selectRandomLink" time="10.362"/>
  <system-out/>
</testsuite> <!-- com.omayo.blogspot.test.RandomAction -->
