<?xml version="1.0" encoding="UTF-8"?>
<!-- Generated by org.testng.reporters.JUnitReportReporter -->
<testsuite hostname="RASH" failures="0" tests="1" name="com.omayo.blogspot.test.HiddenElementHandlingByJavaScript" time="5.624" errors="0" timestamp="2023-04-15T09:29:17 IST" skipped="0">
  <testcase classname="com.omayo.blogspot.test.HiddenElementHandlingByJavaScript" name="verifyTheHiddenElement" time="5.624"/>
  <system-out/>
</testsuite> <!-- com.omayo.blogspot.test.HiddenElementHandlingByJavaScript -->
