<?xml version="1.0" encoding="UTF-8"?>
<!-- Generated by org.testng.reporters.JUnitReportReporter -->
<testsuite hostname="RASH" failures="0" tests="1" name="com.omayo.blogspot.test.PageScrollBy" time="12.842" errors="0" timestamp="2023-04-14T10:44:42 IST" skipped="0">
  <testcase classname="com.omayo.blogspot.test.PageScrollBy" name="pageScrollUpDown" time="12.842"/>
  <system-out/>
</testsuite> <!-- com.omayo.blogspot.test.PageScrollBy -->
