<?xml version="1.0" encoding="UTF-8"?>
<!-- Generated by org.testng.reporters.JUnitReportReporter -->
<testsuite hostname="RASH" failures="0" tests="1" name="com.omayo.blogspot.test.ClickonAllLinks" time="59.004" errors="0" timestamp="2023-04-14T09:47:55 IST" skipped="0">
  <testcase classname="com.omayo.blogspot.test.ClickonAllLinks" name="atClickonAllLinks" time="59.004"/>
  <system-out/>
</testsuite> <!-- com.omayo.blogspot.test.ClickonAllLinks -->
