<?xml version="1.0" encoding="UTF-8"?>
<!-- Generated by org.testng.reporters.JUnitReportReporter -->
<testsuite hostname="RASH" failures="0" tests="1" name="com.omayo.blogspot.test.DemoLocators" time="13.346" errors="0" timestamp="2023-04-13T10:18:04 IST" skipped="0">
  <testcase classname="com.omayo.blogspot.test.DemoLocators" name="atTest" time="13.346"/>
  <system-out/>
</testsuite> <!-- com.omayo.blogspot.test.DemoLocators -->
