<?xml version="1.0" encoding="UTF-8"?>
<!-- Generated by org.testng.reporters.JUnitReportReporter -->
<testsuite hostname="RASH" failures="0" tests="1" name="com.omayo.blogspot.test.BrokenLinksIdentify" time="47.854" errors="0" timestamp="2023-04-15T08:52:56 IST" skipped="0">
  <testcase classname="com.omayo.blogspot.test.BrokenLinksIdentify" name="borkenLinkVerify" time="47.854"/>
  <system-out/>
</testsuite> <!-- com.omayo.blogspot.test.BrokenLinksIdentify -->
