<?xml version="1.0" encoding="UTF-8"?>
<!-- Generated by org.testng.reporters.JUnitReportReporter -->
<testsuite hostname="RASH" failures="0" tests="1" name="com.omayo.blogspot.test.AlertHandling" time="8.591" errors="0" timestamp="2023-04-14T12:15:46 IST" skipped="0">
  <testcase classname="com.omayo.blogspot.test.AlertHandling" name="handleAlert" time="8.591"/>
  <system-out/>
</testsuite> <!-- com.omayo.blogspot.test.AlertHandling -->
