<?xml version="1.0" encoding="UTF-8"?>
<!-- Generated by org.testng.reporters.JUnitReportReporter -->
<testsuite hostname="RASH" failures="0" tests="1" name="com.omayo.blogspot.test.WindowHandle" time="3.869" errors="0" timestamp="2023-04-15T10:51:43 IST" skipped="0">
  <testcase classname="com.omayo.blogspot.test.WindowHandle" name="verifyChildWindowSwitch" time="3.869"/>
  <system-out/>
</testsuite> <!-- com.omayo.blogspot.test.WindowHandle -->
